20:50:29 [Skill] INFO  Skill:139 - Connecting to Furhat server on 0.0.0.0:1932
20:50:29 [Scenario10Skill] INFO  Scenario10Skill:166 - Starting skill
20:50:30 [Scenario10Skill] ERROR InitRunner: 28 - java.lang.NullPointerException
20:50:31 [ErrorLoggingThread] ERROR Scenario10Skill:459 - java.lang.NullPointerException
	at furhatos.skills.FurhatSpeech.getVoices(FurhatSpeech.java:294)
	at furhatos.skills.FurhatEventWrapper.getVoices(FurhatEventWrapper.java:31)
	at furhatos.skills.FurhatSpeech.getVoice(FurhatSpeech.java:303)
	at furhatos.skills.FurhatEventWrapper.getVoice(FurhatEventWrapper.java:31)
	at furhatos.skills.FurhatSpeech.setVoiceAndInputLanguage(FurhatSpeech.java:283)
	at furhatos.skills.FurhatEventWrapper.setVoiceAndInputLanguage(FurhatEventWrapper.java:31)
	at furhatos.flow.kotlin.Furhat.setVoice(Furhat.kt:690)
	at furhatos.flow.kotlin.Furhat.internalSetVoice(Furhat.kt:711)
	at furhatos.flow.kotlin.Furhat.setVoice(Furhat.kt:726)
	at furhatos.flow.kotlin.Furhat.setVoice$default(Furhat.kt:724)
	at furhatos.app.scenario10.flow.GeneralKt$Idle$1$1.invoke(general.kt:9)
	at furhatos.app.scenario10.flow.GeneralKt$Idle$1$1.invoke(general.kt)
	at furhatos.flow.kotlin.InitRunner.run(InitRunner.kt:25)
	at furhatos.flow.kotlin.StateRunner.runInitTrigger(StateRunner.kt:215)
	at furhatos.flow.kotlin.StateRunner.run(StateRunner.kt:64)
	at furhatos.flow.kotlin.Flow.tailRecRun(Flow.kt:146)
	at furhatos.flow.kotlin.Flow.run(Flow.kt:110)
	at furhatos.app.scenario10.Scenario10Skill.start(main.kt:9)
	at furhatos.skills.Skill.initializeSkill(Skill.java:169)
	at furhatos.skills.Skill.lambda$startSkill$2(Skill.java:227)
	at java.lang.Thread.run(Thread.java:748)

20:50:53 [Scenario10Skill] WARN  Flow: 93 - Flow unknown unresponsive, 1435 ms since last event poll
20:50:59 [Scenario10Skill] WARN  Flow: 93 - Flow unknown unresponsive, 1399 ms since last event poll
