21:28:40 [Skill] INFO  Skill:138 - Connecting to Furhat server on 0.0.0.0:1932
21:28:41 [Skill] ERROR EventSystem:182 - Timed out while waiting for class furhatos.event.responses.ResponseWebServerPort
java.util.concurrent.TimeoutException
	at java.util.concurrent.CompletableFuture.timedGet(CompletableFuture.java:1784)
	at java.util.concurrent.CompletableFuture.get(CompletableFuture.java:1928)
	at furhatos.event.EventSystem.sendAndWait(EventSystem.java:179)
	at furhatos.event.EventSystem.sendAndWait(EventSystem.java:169)
	at furhatos.skills.Skill.requestFurhatWebPort(Skill.java:241)
	at furhatos.skills.Skill.startSkill(Skill.java:218)
	at furhatos.skills.Skill.main(Skill.java:94)
21:28:41 [Skill] ERROR Skill:223 - java.util.concurrent.TimeoutException
21:28:41 [Skill] WARN  Skill:224 - Unable to get real furhatWebPort, using default of 80
21:28:41 [Scenario10Skill] INFO  Scenario10Skill:165 - Starting skill
21:29:14 [Scenario10Skill] ERROR StateRunner:186 - org.json.JSONException: A JSONObject text must begin with '{' at 1 [character 2 line 1]
21:29:14 [ErrorLoggingThread] ERROR Scenario10Skill:458 - org.json.JSONException: A JSONObject text must begin with '{' at 1 [character 2 line 1]
	at org.json.JSONTokener.syntaxError(JSONTokener.java:505)
	at org.json.JSONObject.<init>(JSONObject.java:214)
	at org.json.JSONObject.<init>(JSONObject.java:357)
	at khttp.responses.GenericResponse.getJsonObject(GenericResponse.kt:225)
	at furhatos.app.scenario10.flow.InteractionKt$query$1$1.invoke(interaction.kt:440)
	at furhatos.app.scenario10.flow.InteractionKt$query$1$1.invoke(interaction.kt)
	at furhatos.flow.kotlin.StateRunner.runEntryTrigger(StateRunner.kt:180)
	at furhatos.flow.kotlin.StateRunner.run(StateRunner.kt:65)
	at furhatos.flow.kotlin.FlowControlRunner.tailRecRunCall(FlowControlRunner.kt:89)
	at furhatos.flow.kotlin.FlowControlRunner.call(FlowControlRunner.kt:61)
	at furhatos.flow.kotlin.FlowControlRunner.call$default(FlowControlRunner.kt:55)
	at furhatos.app.scenario10.flow.InteractionKt$CheckedIn$1$1.invoke(interaction.kt:321)
	at furhatos.app.scenario10.flow.InteractionKt$CheckedIn$1$1.invoke(interaction.kt)
	at furhatos.flow.kotlin.StateRunner.runEntryTrigger(StateRunner.kt:180)
	at furhatos.flow.kotlin.StateRunner.run(StateRunner.kt:65)
	at furhatos.flow.kotlin.Flow.tailRecRun(Flow.kt:147)
	at furhatos.flow.kotlin.Flow.run(Flow.kt:111)
	at furhatos.app.scenario10.Scenario10Skill.start(main.kt:9)
	at furhatos.skills.Skill.initializeSkill(Skill.java:168)
	at furhatos.skills.Skill.lambda$startSkill$2(Skill.java:226)
	at java.lang.Thread.run(Thread.java:748)

21:55:53 [Broker Client] ERROR BrokerClient:152 - Unexpected disconnect from broker
21:55:53 [EventSystem] ERROR EventSystem:115 - Problem sending to broker
java.net.SocketException: Broken pipe (Write failed)
	at java.net.SocketOutputStream.socketWrite0(Native Method)
	at java.net.SocketOutputStream.socketWrite(SocketOutputStream.java:111)
	at java.net.SocketOutputStream.write(SocketOutputStream.java:134)
	at java.io.DataOutputStream.writeBytes(DataOutputStream.java:276)
	at furhatos.event.BrokerClient.sendToServer(BrokerClient.java:207)
	at furhatos.event.BrokerClient.sendTo(BrokerClient.java:169)
	at furhatos.event.BrokerClient.send(BrokerClient.java:162)
	at furhatos.event.EventSystem.distributeExternal(EventSystem.java:113)
	at furhatos.event.EventSystem.distributeNextEvent(EventSystem.java:250)
	at furhatos.event.EventSystem.runUntilStopped(EventSystem.java:223)
	at java.lang.Thread.run(Thread.java:748)
