12:34:48 [Skill] INFO  Skill:138 - Connecting to Furhat server on 0.0.0.0:1932
12:34:53 [Scenario10Skill] INFO  Scenario10Skill:165 - Starting skill
12:35:12 [Scenario10Skill] ERROR StateRunner:186 - java.time.format.DateTimeParseException: Text '2022-03-31T12:35:00' could not be parsed at index 19
12:35:12 [ErrorLoggingThread] ERROR Scenario10Skill:458 - java.time.format.DateTimeParseException: Text '2022-03-31T12:35:00' could not be parsed at index 19
	at java.time.format.DateTimeFormatter.parseResolved0(DateTimeFormatter.java:1949)
	at java.time.format.DateTimeFormatter.parse(DateTimeFormatter.java:1851)
	at java.time.ZonedDateTime.parse(ZonedDateTime.java:597)
	at java.time.ZonedDateTime.parse(ZonedDateTime.java:582)
	at furhatos.app.scenario10.flow.InteractionKt$query$1$1.invoke(interaction.kt:274)
	at furhatos.app.scenario10.flow.InteractionKt$query$1$1.invoke(interaction.kt)
	at furhatos.flow.kotlin.StateRunner.runEntryTrigger(StateRunner.kt:180)
	at furhatos.flow.kotlin.StateRunner.run(StateRunner.kt:65)
	at furhatos.flow.kotlin.FlowControlRunner.tailRecRunCall(FlowControlRunner.kt:89)
	at furhatos.flow.kotlin.FlowControlRunner.call(FlowControlRunner.kt:61)
	at furhatos.flow.kotlin.FlowControlRunner.call$default(FlowControlRunner.kt:55)
	at furhatos.app.scenario10.flow.InteractionKt$CheckedIn$1$1.invoke(interaction.kt:229)
	at furhatos.app.scenario10.flow.InteractionKt$CheckedIn$1$1.invoke(interaction.kt)
	at furhatos.flow.kotlin.StateRunner.runEntryTrigger(StateRunner.kt:180)
	at furhatos.flow.kotlin.StateRunner.run(StateRunner.kt:65)
	at furhatos.flow.kotlin.Flow.tailRecRun(Flow.kt:147)
	at furhatos.flow.kotlin.Flow.run(Flow.kt:111)
	at furhatos.app.scenario10.Scenario10Skill.start(main.kt:9)
	at furhatos.skills.Skill.initializeSkill(Skill.java:168)
	at furhatos.skills.Skill.lambda$startSkill$2(Skill.java:226)
	at java.lang.Thread.run(Thread.java:748)

