13:14:37 [Skill] INFO  Skill:138 - Connecting to Furhat server on 0.0.0.0:1932
13:14:37 [Scenario10Skill] INFO  Scenario10Skill:165 - Starting skill
13:15:21 [Scenario10Skill] WARN  JsonDialogLogger:373 - The directory provided does not end with a trailing directory separator: 
13:15:22 [Scenario10Skill] WARN  Flow: 94 - Flow unknown unresponsive, 1757 ms since last event poll
13:16:12 [Scenario10Skill] WARN  Flow: 94 - Flow unknown unresponsive, 30003 ms since last event poll
13:16:14 [ErrorLoggingThread] ERROR Scenario10Skill:458 - Exception in thread "Scenario10Skill" java.lang.NoClassDefFoundError: furhatos/app/scenario10/nlu/Notgood
	at furhatos.app.scenario10.flow.InteractionKt$tooSlow$1.invoke(interaction.kt:566)
	at furhatos.app.scenario10.flow.InteractionKt$tooSlow$1.invoke(interaction.kt)
	at furhatos.flow.kotlin.State.makeState$furhat_commons(State.kt:100)
	at furhatos.flow.kotlin.StateRunner.<init>(StateRunner.kt:19)
	at furhatos.flow.kotlin.StateRunner.<init>(StateRunner.kt:18)
	at furhatos.flow.kotlin.Flow.tailRecRun(Flow.kt:146)
	at furhatos.flow.kotlin.Flow.run(Flow.kt:111)
	at furhatos.app.scenario10.Scenario10Skill.start(main.kt:9)
	at furhatos.skills.Skill.initializeSkill(Skill.java:168)
	at furhatos.skills.Skill.lambda$startSkill$2(Skill.java:226)
	at java.lang.Thread.run(Thread.java:748)
Caused by: java.lang.ClassNotFoundException: furhatos.app.scenario10.nlu.Notgood
	at java.net.URLClassLoader.findClass(URLClassLoader.java:382)
	at java.lang.ClassLoader.loadClass(ClassLoader.java:418)
	at sun.misc.Launcher$AppClassLoader.loadClass(Launcher.java:352)
	at java.lang.ClassLoader.loadClass(ClassLoader.java:351)
	... 11 more

13:21:16 [ErrorLoggingThread] ERROR Scenario10Skill:458 - Flow - unknown - A flow's queue is full, could not add furhatos.event.requests.RequestCamera
Flow - unknown - A flow's queue is full, could not add furhatos.event.requests.RequestWizardElements
Flow - unknown - A flow's queue is full, could not add furhatos.event.requests.RequestInteractionSpaces
Flow - unknown - A flow's queue is full, could not add furhatos.event.requests.RequestSkillGUIList
Flow - unknown - A flow's queue is full, could not add furhatos.event.requests.RequestRobotVersion
Flow - unknown - A flow's queue is full, could not add furhatos.event.senses.SenseInteractionSpaces
Flow - unknown - A flow's queue is full, could not add furhatos.event.senses.SenseUsers
Flow - unknown - A flow's queue is full, could not add furhatos.event.responses.ResponseSpeaker
Flow - unknown - A flow's queue is full, could not add furhatos.event.responses.ResponseSkill
Flow - unknown - A flow's queue is full, could not add furhatos.event.requests.RequestVersion
Flow - unknown - A flow's queue is full, could not add furhatos.event.actions.ActionGaze
Flow - unknown - A flow's queue is full, could not add GetVersion
Flow - unknown - A flow's queue is full, could not add availableWiFiNetworksRequest
Flow - unknown - A flow's queue is full, could not add furhatos.event.responses.ResponseSkillAutostart
Flow - unknown - A flow's queue is full, could not add askRobotType
Flow - unknown - A flow's queue is full, could not add ConfigAskSystemVolume
Flow - unknown - A flow's queue is full, could not add RequestTieredProperties
Flow - unknown - A flow's queue is full, could not add ConfigAskGeneric
Flow - unknown - A flow's queue is full, could not add GetInternalSpeakerStatus
Flow - unknown - A flow's queue is full, could not add furhatos.event.responses.ResponseSkillGUIList
Flow - unknown - A flow's queue is full, could not add furhatos.event.responses.ResponseGlobalGestures
Flow - unknown - A flow's queue is full, could not add furhatos.event.responses.ResponseRobotVersion
Flow - unknown - A flow's queue is full, could not add furhatos.event.responses.ResponseFace
Flow - unknown - A flow's queue is full, could not add furhatos.event.responses.ResponseFurhatGaze

13:21:16 [ErrorLoggingThread] ERROR Scenario10Skill:458 - Flow - unknown - A flow's queue is full, could not add furhatos.event.monitors.MonitorGestureEnd

