09:23:47 [Skill] INFO  Skill:138 - Connecting to Furhat server on 0.0.0.0:1932
09:23:52 [Scenario10Skill] INFO  Scenario10Skill:165 - Starting skill
09:24:01 [Scenario10Skill] WARN  JsonDialogLogger:373 - The directory provided does not end with a trailing directory separator: 
09:24:03 [Scenario10Skill] WARN  Flow: 94 - Flow unknown unresponsive, 2822 ms since last event poll
09:24:16 [Scenario10Skill] WARN  Flow: 94 - Flow unknown unresponsive, 1189 ms since last event poll
09:24:25 [Scenario10Skill] WARN  Flow: 94 - Flow unknown unresponsive, 1298 ms since last event poll
09:24:32 [Scenario10Skill] WARN  Flow: 94 - Flow unknown unresponsive, 1209 ms since last event poll
09:24:39 [Scenario10Skill] WARN  Flow: 94 - Flow unknown unresponsive, 1310 ms since last event poll
09:24:42 [Scenario10Skill] WARN  Flow: 94 - Flow unknown unresponsive, 1267 ms since last event poll
09:25:16 [ErrorLoggingThread] ERROR Scenario10Skill:458 - Exception in thread "Scenario10Skill" java.lang.NoClassDefFoundError: furhatos/app/scenario10/flow/InteractionKt$tooSlow$1
	at furhatos.app.scenario10.flow.InteractionKt.tooSlow(interaction.kt:473)
	at furhatos.app.scenario10.flow.InteractionKt$CheckedIn$1$1.invoke(interaction.kt:611)
	at furhatos.app.scenario10.flow.InteractionKt$CheckedIn$1$1.invoke(interaction.kt)
	at furhatos.flow.kotlin.StateRunner.runEntryTrigger(StateRunner.kt:180)
	at furhatos.flow.kotlin.StateRunner.run(StateRunner.kt:65)
	at furhatos.flow.kotlin.Flow.tailRecRun(Flow.kt:147)
	at furhatos.flow.kotlin.Flow.run(Flow.kt:111)
	at furhatos.app.scenario10.Scenario10Skill.start(main.kt:9)
	at furhatos.skills.Skill.initializeSkill(Skill.java:168)
	at furhatos.skills.Skill.lambda$startSkill$2(Skill.java:226)
	at java.lang.Thread.run(Thread.java:748)
Caused by: java.lang.ClassNotFoundException: furhatos.app.scenario10.flow.InteractionKt$tooSlow$1
	at java.net.URLClassLoader.findClass(URLClassLoader.java:382)
	at java.lang.ClassLoader.loadClass(ClassLoader.java:418)
	at sun.misc.Launcher$AppClassLoader.loadClass(Launcher.java:352)
	at java.lang.ClassLoader.loadClass(ClassLoader.java:351)
	... 11 more

