15:49:43 [Skill] INFO  Skill:138 - Connecting to Furhat server on 0.0.0.0:1932
15:49:43 [Scenario10Skill] INFO  Scenario10Skill:165 - Starting skill
15:49:45 [Scenario10Skill] ERROR EventSystem:182 - Timed out while waiting for class furhatos.event.responses.ResponseFace
java.util.concurrent.TimeoutException
	at java.util.concurrent.CompletableFuture.timedGet(CompletableFuture.java:1784)
	at java.util.concurrent.CompletableFuture.get(CompletableFuture.java:1928)
	at furhatos.event.EventSystem.sendAndWait(EventSystem.java:179)
	at furhatos.skills.FurhatFace.requestCharactersAndMasks$furhat_commons(FurhatFace.kt:169)
	at furhatos.skills.FurhatFace.<init>(FurhatFace.kt:37)
	at furhatos.skills.FurhatFace.<init>(FurhatFace.kt:27)
	at furhatos.skills.FurhatFace.<init>(FurhatFace.kt)
	at furhatos.skills.FurhatEventWrapper.<clinit>(FurhatEventWrapper.java:37)
	at furhatos.autobehavior.AutoBehaviorKt.setDefaultMicroexpression(AutoBehavior.kt:55)
	at furhatos.skills.Skill.startAutoBehavior(Skill.java:176)
	at furhatos.skills.Skill.initializeSkill(Skill.java:167)
	at furhatos.skills.Skill.lambda$startSkill$2(Skill.java:226)
	at java.lang.Thread.run(Thread.java:748)
15:49:45 [Scenario10Skill] WARN  FurhatFace:179 - Characters and masks not retrieved in the allocated time of 3000ms
15:49:45 [Scenario10Skill] ERROR InitRunner: 28 - java.lang.NullPointerException
15:49:45 [ErrorLoggingThread] ERROR Scenario10Skill:458 - java.lang.NullPointerException
	at furhatos.skills.FurhatSpeech.getVoices(FurhatSpeech.java:294)
	at furhatos.skills.FurhatEventWrapper.getVoices(FurhatEventWrapper.java:33)
	at furhatos.skills.FurhatSpeech.getVoice(FurhatSpeech.java:303)
	at furhatos.skills.FurhatEventWrapper.getVoice(FurhatEventWrapper.java:33)
	at furhatos.skills.FurhatSpeech.setVoiceAndInputLanguage(FurhatSpeech.java:283)
	at furhatos.skills.FurhatEventWrapper.setVoiceAndInputLanguage(FurhatEventWrapper.java:33)
	at furhatos.flow.kotlin.Furhat.setVoice(Furhat.kt:909)
	at furhatos.flow.kotlin.Furhat.internalSetVoice(Furhat.kt:930)
	at furhatos.flow.kotlin.Furhat.setVoice(Furhat.kt:945)
	at furhatos.flow.kotlin.Furhat.setVoice$default(Furhat.kt:943)
	at furhatos.app.scenario10.flow.GeneralKt$Idle$1$1.invoke(general.kt:9)
	at furhatos.app.scenario10.flow.GeneralKt$Idle$1$1.invoke(general.kt)
	at furhatos.flow.kotlin.InitRunner.run(InitRunner.kt:25)
	at furhatos.flow.kotlin.StateRunner.runInitTrigger(StateRunner.kt:215)
	at furhatos.flow.kotlin.StateRunner.run(StateRunner.kt:64)
	at furhatos.flow.kotlin.Flow.tailRecRun(Flow.kt:147)
	at furhatos.flow.kotlin.Flow.run(Flow.kt:111)
	at furhatos.app.scenario10.Scenario10Skill.start(main.kt:9)
	at furhatos.skills.Skill.initializeSkill(Skill.java:168)
	at furhatos.skills.Skill.lambda$startSkill$2(Skill.java:226)
	at java.lang.Thread.run(Thread.java:748)

