14:08:12 [Skill] INFO  Skill:138 - Connecting to Furhat server on 0.0.0.0:1932
14:08:12 [Scenario10Skill] INFO  Scenario10Skill:165 - Starting skill
14:08:13 [Scenario10Skill] WARN  JsonDialogLogger:373 - The directory provided does not end with a trailing directory separator: 
14:09:04 [Scenario10Skill] WARN  Flow: 94 - Flow unknown unresponsive, 30006 ms since last event poll
14:09:05 [ErrorLoggingThread] ERROR Scenario10Skill:458 - Exception in thread "Scenario10Skill" java.lang.NoClassDefFoundError: furhatos/app/scenario10/flow/InteractionKt$tooSlow$1
	at furhatos.app.scenario10.flow.InteractionKt.tooSlow(interaction.kt:313)
	at furhatos.app.scenario10.flow.InteractionKt$CheckedIn$1$1.invoke(interaction.kt:397)
	at furhatos.app.scenario10.flow.InteractionKt$CheckedIn$1$1.invoke(interaction.kt)
	at furhatos.flow.kotlin.StateRunner.runEntryTrigger(StateRunner.kt:180)
	at furhatos.flow.kotlin.StateRunner.run(StateRunner.kt:65)
	at furhatos.flow.kotlin.Flow.tailRecRun(Flow.kt:147)
	at furhatos.flow.kotlin.Flow.run(Flow.kt:111)
	at furhatos.app.scenario10.Scenario10Skill.start(main.kt:9)
	at furhatos.skills.Skill.initializeSkill(Skill.java:168)
	at furhatos.skills.Skill.lambda$startSkill$2(Skill.java:226)
	at java.lang.Thread.run(Thread.java:748)
Caused by: java.lang.ClassNotFoundException: furhatos.app.scenario10.flow.InteractionKt$tooSlow$1
	at java.net.URLClassLoader.findClass(URLClassLoader.java:382)
	at java.lang.ClassLoader.loadClass(ClassLoader.java:418)
	at sun.misc.Launcher$AppClassLoader.loadClass(Launcher.java:352)
	at java.lang.ClassLoader.loadClass(ClassLoader.java:351)
	... 11 more

