20:38:14 [Skill] INFO  Skill:138 - Connecting to Furhat server on 0.0.0.0:1932
20:38:19 [Scenario10Skill] INFO  Scenario10Skill:165 - Starting skill
21:16:10 [ErrorLoggingThread] ERROR Scenario10Skill:458 - Exception in thread "EventSystem" java.lang.NoClassDefFoundError: furhatos/event/senses/SenseUserLeave$Builder
	at furhatos.skills.SimpleEngagementPolicy.sendSenseLeave(SimpleEngagementPolicy.kt:68)
	at furhatos.skills.SimpleEngagementPolicy.checkEngagement(SimpleEngagementPolicy.kt:52)
	at furhatos.skills.UserManager.reactToSenseUsers(UserManager.kt:263)
	at furhatos.skills.UserManager.access$reactToSenseUsers(UserManager.kt:26)
	at furhatos.skills.UserManager$onEvent$1.invoke(UserManager.kt:184)
	at furhatos.skills.UserManager$onEvent$1.invoke(UserManager.kt:26)
	at furhatos.skills.UserManager$sam$java_util_function_Consumer$0.accept(UserManager.kt)
	at furhatos.event.Event.match(Event.java:146)
	at furhatos.skills.UserManager.onEvent(UserManager.kt:184)
	at furhatos.event.EventSystem.distributeInternal(EventSystem.java:124)
	at furhatos.event.EventSystem.distributeNextEvent(EventSystem.java:248)
	at furhatos.event.EventSystem.runUntilStopped(EventSystem.java:223)
	at java.lang.Thread.run(Thread.java:748)
Caused by: java.lang.ClassNotFoundException: furhatos.event.senses.SenseUserLeave$Builder
	at java.net.URLClassLoader.findClass(URLClassLoader.java:382)
	at java.lang.ClassLoader.loadClass(ClassLoader.java:418)
	at sun.misc.Launcher$AppClassLoader.loadClass(Launcher.java:352)
	at java.lang.ClassLoader.loadClass(ClassLoader.java:351)
	... 13 more

